#
# A fatal error has been detected by the Java Runtime Environment:
#
#  SIGSEGV (0xb) at pc=0x000000012934212f, pid=7899, tid=2571
#
# JRE version: Java(TM) SE Runtime Environment (8.0_66-b17) (build 1.8.0_66-b17)
# Java VM: Java HotSpot(TM) 64-Bit Server VM (25.66-b17 mixed mode bsd-amd64 compressed oops)
# Problematic frame:
# C  [librxtxSerial.jnilib+0x312f]  Java_gnu_io_RXTXPort_interruptEventLoop+0x6b
#
# Failed to write core dump. Core dumps have been disabled. To enable core dumping, try "ulimit -c unlimited" before starting Java again
#
# If you would like to submit a bug report, please visit:
#   http://bugreport.java.com/bugreport/crash.jsp
# The crash happened outside the Java Virtual Machine in native code.
# See problematic frame for where to report the bug.
#

---------------  T H R E A D  ---------------

Current thread (0x00007fbbf4063800):  JavaThread "JavaFX Application Thread" [_thread_in_native, id=2571, stack(0x00007fff512b9000,0x00007fff51ab9000)]

siginfo: si_signo: 11 (SIGSEGV), si_code: 1 (SEGV_MAPERR), si_addr: 0x00007000017e4868

Registers:
RAX=0x0000000000000000, RBX=0x00007000017e4700, RCX=0x00007fff7223b050, RDX=0xffffffffffffffff
RSP=0x00007fff51ab2c40, RBP=0x00007fff51ab2c50, RSI=0x0000000000000000, RDI=0x000000000000003c
R8 =0x0000000000000000, R9 =0x0000000002faf080, R10=0x0000000000000001, R11=0x0000000000000247
R12=0x000000000000000f, R13=0x0000000128edaf88, R14=0x00007fff51ab2cc8, R15=0x00007fbbf4063800
RIP=0x000000012934212f, EFLAGS=0x0000000000010206, ERR=0x0000000000000004
  TRAPNO=0x000000000000000e

Top of Stack: (sp=0x00007fff51ab2c40)
0x00007fff51ab2c40:   0000000128edaf88 0000000000000000
0x00007fff51ab2c50:   00007fff51ab2ca8 000000011059b954
0x00007fff51ab2c60:   000000011059b6a2 00007fff51ab2c68
0x00007fff51ab2c70:   0000000128edaf88 00007fff51ab2cc8
0x00007fff51ab2c80:   000000012ca030f0 0000000000000000
0x00007fff51ab2c90:   0000000128edaf88 0000000000000000
0x00007fff51ab2ca0:   00007fff51ab2cc8 00007fff51ab2d10
0x00007fff51ab2cb0:   000000011058dc4d 0000000000000000
0x00007fff51ab2cc0:   0000000110595578 00000007aadd66f0
0x00007fff51ab2cd0:   00007fff51ab2cd0 0000000128edb42f
0x00007fff51ab2ce0:   00007fff51ab2d28 000000012ca030f0
0x00007fff51ab2cf0:   0000000000000000 0000000128edb498
0x00007fff51ab2d00:   00007fff51ab2cc8 00007fff51ab2d28
0x00007fff51ab2d10:   00007fff51ab2d70 000000011058dc4d
0x00007fff51ab2d20:   0000000000000000 00000007aadd66f0
0x00007fff51ab2d30:   00007fff51ab2d30 00000001225702e4
0x00007fff51ab2d40:   00007fff51ab2d88 0000000122573478
0x00007fff51ab2d50:   0000000000000000 0000000122570370
0x00007fff51ab2d60:   00007fff51ab2d28 00007fff51ab2d88
0x00007fff51ab2d70:   00007fff51ab2dd0 000000011058dc4d
0x00007fff51ab2d80:   0000000000000000 00000007abca7bc0
0x00007fff51ab2d90:   00007fff51ab2d90 000000012256d43c
0x00007fff51ab2da0:   00007fff51ab2de0 000000012256e828
0x00007fff51ab2db0:   0000000000000000 000000012256d458
0x00007fff51ab2dc0:   00007fff51ab2d88 00007fff51ab2de0
0x00007fff51ab2dd0:   00007fff51ab2e28 000000011058dc4d
0x00007fff51ab2de0:   00000007abca7b18 00007fff51ab2de8
0x00007fff51ab2df0:   00000001225733ae 00007fff51ab2e48
0x00007fff51ab2e00:   0000000122573ac0 0000000000000000
0x00007fff51ab2e10:   00000001225733e0 00007fff51ab2de0
0x00007fff51ab2e20:   00007fff51ab2e40 00007fff51ab2eb0
0x00007fff51ab2e30:   00000001105867a7 00000007ab3b8020 

Instructions: (pc=0x000000012934212f)
0x000000012934210f:   00 01 00 00 00 48 8b bb 78 01 00 00 be 06 00 00
0x000000012934211f:   00 e8 4d 27 00 00 bf 50 c3 00 00 e8 c7 27 00 00
0x000000012934212f:   83 bb 68 01 00 00 01 74 16 48 8b bb 78 01 00 00
0x000000012934213f:   e8 16 27 00 00 c7 83 68 01 00 00 01 00 00 00 5b 

Register to memory mapping:

RAX=0x0000000000000000 is an unknown value
RBX=0x00007000017e4700 is an unknown value
RCX=0x00007fff7223b050: _thread+0x50 in /usr/lib/system/libsystem_pthread.dylib at 0x00007fff8a538000
RDX=0xffffffffffffffff is an unknown value
RSP=0x00007fff51ab2c40 is pointing into the stack for thread: 0x00007fbbf4063800
RBP=0x00007fff51ab2c50 is pointing into the stack for thread: 0x00007fbbf4063800
RSI=0x0000000000000000 is an unknown value
RDI=0x000000000000003c is an unknown value
R8 =0x0000000000000000 is an unknown value
R9 =0x0000000002faf080 is an unknown value
R10=0x0000000000000001 is an unknown value
R11=0x0000000000000247 is an unknown value
R12=0x000000000000000f is an unknown value
R13={method} {0x0000000128edaf88} 'interruptEventLoop' '()V' in 'gnu/io/RXTXPort'
R14=0x00007fff51ab2cc8 is pointing into the stack for thread: 0x00007fbbf4063800
R15=0x00007fbbf4063800 is a thread


Stack: [0x00007fff512b9000,0x00007fff51ab9000],  sp=0x00007fff51ab2c40,  free space=8167k
Native frames: (J=compiled Java code, j=interpreted, Vv=VM code, C=native code)
C  [librxtxSerial.jnilib+0x312f]  Java_gnu_io_RXTXPort_interruptEventLoop+0x6b
j  gnu.io.RXTXPort.interruptEventLoop()V+0
j  gnu.io.RXTXPort.removeEventListener()V+55
j  buzzers.Communicator.disconnect()V+4
j  buzzers.GUIController.onExit()V+4
j  buzzers.QuickPlayController.onBack(Ljavafx/event/ActionEvent;)V+22
v  ~StubRoutines::call_stub
V  [libjvm.dylib+0x2ea35e]  JavaCalls::call_helper(JavaValue*, methodHandle*, JavaCallArguments*, Thread*)+0x6ae
V  [libjvm.dylib+0x4ca7e0]  Reflection::invoke(instanceKlassHandle, methodHandle, Handle, bool, objArrayHandle, BasicType, objArrayHandle, bool, Thread*)+0xe12
V  [libjvm.dylib+0x4cad14]  Reflection::invoke_method(oopDesc*, Handle, objArrayHandle, Thread*)+0x16c
V  [libjvm.dylib+0x342570]  JVM_InvokeMethod+0x166
J 2437  sun.reflect.NativeMethodAccessorImpl.invoke0(Ljava/lang/reflect/Method;Ljava/lang/Object;[Ljava/lang/Object;)Ljava/lang/Object; (0 bytes) @ 0x0000000110cc0ded [0x0000000110cc0d00+0xed]
J 2436 C1 sun.reflect.NativeMethodAccessorImpl.invoke(Ljava/lang/Object;[Ljava/lang/Object;)Ljava/lang/Object; (104 bytes) @ 0x0000000110cd1414 [0x0000000110cd0240+0x11d4]
J 785 C1 sun.reflect.DelegatingMethodAccessorImpl.invoke(Ljava/lang/Object;[Ljava/lang/Object;)Ljava/lang/Object; (10 bytes) @ 0x000000011085e74c [0x000000011085e640+0x10c]
J 784 C1 java.lang.reflect.Method.invoke(Ljava/lang/Object;[Ljava/lang/Object;)Ljava/lang/Object; (62 bytes) @ 0x000000011085ef14 [0x000000011085eb20+0x3f4]
J 866 C1 sun.reflect.misc.Trampoline.invoke(Ljava/lang/reflect/Method;Ljava/lang/Object;[Ljava/lang/Object;)Ljava/lang/Object; (11 bytes) @ 0x0000000110896f94 [0x0000000110896e80+0x114]
j  sun.reflect.GeneratedMethodAccessor1.invoke(Ljava/lang/Object;[Ljava/lang/Object;)Ljava/lang/Object;+40
J 785 C1 sun.reflect.DelegatingMethodAccessorImpl.invoke(Ljava/lang/Object;[Ljava/lang/Object;)Ljava/lang/Object; (10 bytes) @ 0x000000011085e74c [0x000000011085e640+0x10c]
J 784 C1 java.lang.reflect.Method.invoke(Ljava/lang/Object;[Ljava/lang/Object;)Ljava/lang/Object; (62 bytes) @ 0x000000011085ef14 [0x000000011085eb20+0x3f4]
J 865 C1 sun.reflect.misc.MethodUtil.invoke(Ljava/lang/reflect/Method;Ljava/lang/Object;[Ljava/lang/Object;)Ljava/lang/Object; (111 bytes) @ 0x000000011089558c [0x00000001108950c0+0x4cc]
j  javafx.fxml.FXMLLoader$MethodHandler.invoke([Ljava/lang/Object;)V+19
j  javafx.fxml.FXMLLoader$ControllerMethodEventHandler.handle(Ljavafx/event/Event;)V+12
j  com.sun.javafx.event.CompositeEventHandler.dispatchBubblingEvent(Ljavafx/event/Event;)V+51
J 2304 C1 com.sun.javafx.event.EventHandlerManager.dispatchBubblingEvent(Ljavafx/event/Event;)Ljavafx/event/Event; (23 bytes) @ 0x0000000110c5735c [0x0000000110c56ce0+0x67c]
J 2322 C1 com.sun.javafx.event.CompositeEventDispatcher.dispatchBubblingEvent(Ljavafx/event/Event;)Ljavafx/event/Event; (35 bytes) @ 0x0000000110c64c1c [0x0000000110c64a60+0x1bc]
J 2178 C1 com.sun.javafx.event.BasicEventDispatcher.dispatchEvent(Ljavafx/event/Event;Ljavafx/event/EventDispatchChain;)Ljavafx/event/Event; (44 bytes) @ 0x0000000110c17f34 [0x0000000110c17c00+0x334]
J 1966 C1 com.sun.javafx.event.EventDispatchChainImpl.dispatchEvent(Ljavafx/event/Event;)Ljavafx/event/Event; (101 bytes) @ 0x0000000110b70fd4 [0x0000000110b70e20+0x1b4]
J 2178 C1 com.sun.javafx.event.BasicEventDispatcher.dispatchEvent(Ljavafx/event/Event;Ljavafx/event/EventDispatchChain;)Ljavafx/event/Event; (44 bytes) @ 0x0000000110c17e4c [0x0000000110c17c00+0x24c]
J 1966 C1 com.sun.javafx.event.EventDispatchChainImpl.dispatchEvent(Ljavafx/event/Event;)Ljavafx/event/Event; (101 bytes) @ 0x0000000110b70fd4 [0x0000000110b70e20+0x1b4]
J 2178 C1 com.sun.javafx.event.BasicEventDispatcher.dispatchEvent(Ljavafx/event/Event;Ljavafx/event/EventDispatchChain;)Ljavafx/event/Event; (44 bytes) @ 0x0000000110c17e4c [0x0000000110c17c00+0x24c]
J 1966 C1 com.sun.javafx.event.EventDispatchChainImpl.dispatchEvent(Ljavafx/event/Event;)Ljavafx/event/Event; (101 bytes) @ 0x0000000110b70fd4 [0x0000000110b70e20+0x1b4]
J 2712 C1 com.sun.javafx.event.EventUtil.fireEvent(Ljavafx/event/EventTarget;Ljavafx/event/Event;)Ljavafx/event/Event; (81 bytes) @ 0x0000000110df0b8c [0x0000000110deffc0+0xbcc]
J 2711 C1 javafx.event.Event.fireEvent(Ljavafx/event/EventTarget;Ljavafx/event/Event;)V (35 bytes) @ 0x0000000110def96c [0x0000000110def8a0+0xcc]
j  javafx.scene.Node.fireEvent(Ljavafx/event/Event;)V+86
j  javafx.scene.control.Button.fire()V+15
j  com.sun.javafx.scene.control.behavior.ButtonBehavior.mouseReleased(Ljavafx/scene/input/MouseEvent;)V+23
j  com.sun.javafx.scene.control.skin.BehaviorSkinBase$1.handle(Ljavafx/scene/input/MouseEvent;)V+83
j  com.sun.javafx.scene.control.skin.BehaviorSkinBase$1.handle(Ljavafx/event/Event;)V+5
j  com.sun.javafx.event.CompositeEventHandler$NormalEventHandlerRecord.handleBubblingEvent(Ljavafx/event/Event;)V+5
j  com.sun.javafx.event.CompositeEventHandler.dispatchBubblingEvent(Ljavafx/event/Event;)V+28
J 2304 C1 com.sun.javafx.event.EventHandlerManager.dispatchBubblingEvent(Ljavafx/event/Event;)Ljavafx/event/Event; (23 bytes) @ 0x0000000110c5735c [0x0000000110c56ce0+0x67c]
J 2322 C1 com.sun.javafx.event.CompositeEventDispatcher.dispatchBubblingEvent(Ljavafx/event/Event;)Ljavafx/event/Event; (35 bytes) @ 0x0000000110c64c1c [0x0000000110c64a60+0x1bc]
J 2178 C1 com.sun.javafx.event.BasicEventDispatcher.dispatchEvent(Ljavafx/event/Event;Ljavafx/event/EventDispatchChain;)Ljavafx/event/Event; (44 bytes) @ 0x0000000110c17f34 [0x0000000110c17c00+0x334]
J 1966 C1 com.sun.javafx.event.EventDispatchChainImpl.dispatchEvent(Ljavafx/event/Event;)Ljavafx/event/Event; (101 bytes) @ 0x0000000110b70fd4 [0x0000000110b70e20+0x1b4]
J 2178 C1 com.sun.javafx.event.BasicEventDispatcher.dispatchEvent(Ljavafx/event/Event;Ljavafx/event/EventDispatchChain;)Ljavafx/event/Event; (44 bytes) @ 0x0000000110c17e4c [0x0000000110c17c00+0x24c]
J 1966 C1 com.sun.javafx.event.EventDispatchChainImpl.dispatchEvent(Ljavafx/event/Event;)Ljavafx/event/Event; (101 bytes) @ 0x0000000110b70fd4 [0x0000000110b70e20+0x1b4]
J 2178 C1 com.sun.javafx.event.BasicEventDispatcher.dispatchEvent(Ljavafx/event/Event;Ljavafx/event/EventDispatchChain;)Ljavafx/event/Event; (44 bytes) @ 0x0000000110c17e4c [0x0000000110c17c00+0x24c]
J 1966 C1 com.sun.javafx.event.EventDispatchChainImpl.dispatchEvent(Ljavafx/event/Event;)Ljavafx/event/Event; (101 bytes) @ 0x0000000110b70fd4 [0x0000000110b70e20+0x1b4]
J 2712 C1 com.sun.javafx.event.EventUtil.fireEvent(Ljavafx/event/EventTarget;Ljavafx/event/Event;)Ljavafx/event/Event; (81 bytes) @ 0x0000000110df06dc [0x0000000110deffc0+0x71c]
J 2711 C1 javafx.event.Event.fireEvent(Ljavafx/event/EventTarget;Ljavafx/event/Event;)V (35 bytes) @ 0x0000000110def96c [0x0000000110def8a0+0xcc]
j  javafx.scene.Scene$MouseHandler.process(Ljavafx/scene/input/MouseEvent;Z)V+491
j  javafx.scene.Scene$MouseHandler.access$1500(Ljavafx/scene/Scene$MouseHandler;Ljavafx/scene/input/MouseEvent;Z)V+3
j  javafx.scene.Scene.impl_processMouseEvent(Ljavafx/scene/input/MouseEvent;)V+6
j  javafx.scene.Scene$ScenePeerListener.mouseEvent(Ljavafx/event/EventType;DDDDLjavafx/scene/input/MouseButton;ZZZZZZZZZ)V+46
j  com.sun.javafx.tk.quantum.GlassViewEventHandler$MouseEventNotification.run()Ljava/lang/Void;+476
j  com.sun.javafx.tk.quantum.GlassViewEventHandler$MouseEventNotification.run()Ljava/lang/Object;+1
v  ~StubRoutines::call_stub
V  [libjvm.dylib+0x2ea35e]  JavaCalls::call_helper(JavaValue*, methodHandle*, JavaCallArguments*, Thread*)+0x6ae
V  [libjvm.dylib+0x34a888]  JVM_DoPrivileged+0x4b8
J 1946  java.security.AccessController.doPrivileged(Ljava/security/PrivilegedAction;Ljava/security/AccessControlContext;)Ljava/lang/Object; (0 bytes) @ 0x0000000110b5cb55 [0x0000000110b5ca80+0xd5]
j  com.sun.javafx.tk.quantum.GlassViewEventHandler.lambda$handleMouseEvent$354()Ljava/lang/Void;+11
j  com.sun.javafx.tk.quantum.GlassViewEventHandler$$Lambda$163.get()Ljava/lang/Object;+4
J 2134 C1 com.sun.javafx.tk.quantum.QuantumToolkit.runWithoutRenderLock(Ljava/util/function/Supplier;)Ljava/lang/Object; (49 bytes) @ 0x0000000110bf8734 [0x0000000110bf8200+0x534]
j  com.sun.javafx.tk.quantum.GlassViewEventHandler.handleMouseEvent(Lcom/sun/glass/ui/View;JIIIIIIIZZ)V+103
j  com.sun.glass.ui.View.handleMouseEvent(JIIIIIIIZZ)V+30
j  com.sun.glass.ui.View.notifyMouse(IIIIIIIZZ)V+181
v  ~StubRoutines::call_stub
V  [libjvm.dylib+0x2ea35e]  JavaCalls::call_helper(JavaValue*, methodHandle*, JavaCallArguments*, Thread*)+0x6ae
V  [libjvm.dylib+0x321467]  jni_invoke_nonstatic(JNIEnv_*, JavaValue*, _jobject*, JNICallType, _jmethodID*, JNI_ArgumentPusher*, Thread*)+0x2ec
V  [libjvm.dylib+0x313c3b]  jni_CallVoidMethod+0x16b
C  [libglass.dylib+0x205dc]  -[GlassViewDelegate sendJavaMouseEvent:]+0x86c
C  [AppKit+0x815713]  -[NSWindow _handleMouseUpEvent:isDelayedEvent:]+0x77
C  [AppKit+0x8163ad]  -[NSWindow _reallySendEvent:isDelayedEvent:]+0xd4
C  [AppKit+0x255539]  -[NSWindow sendEvent:]+0x205
C  [libglass.dylib+0x259b4]  -[GlassWindow_Normal sendEvent:]+0x74
C  [AppKit+0x1d5a38]  -[NSApplication sendEvent:]+0x9ec
C  [AppKit+0x3cdf2]  -[NSApplication run]+0x31c
C  [libglass.dylib+0x65ec]  -[GlassApplication runLoop:]+0x72c
C  [Foundation+0x76fde]  __NSThreadPerformPerform+0x117
C  [CoreFoundation+0xaa881]  __CFRUNLOOP_IS_CALLING_OUT_TO_A_SOURCE0_PERFORM_FUNCTION__+0x11
C  [CoreFoundation+0x89fbc]  __CFRunLoopDoSources0+0x22c
C  [CoreFoundation+0x894df]  __CFRunLoopRun+0x39f
C  [CoreFoundation+0x88ed8]  CFRunLoopRunSpecific+0x128
C  [java+0x6463]  CreateExecutionEnvironment+0x367
C  [java+0x21ac]  JLI_Launch+0x7a0
C  [java+0x84c0]  main+0x65
C  [java+0x1a04]  start+0x34
C  0x0000000000000006

Java frames: (J=compiled Java code, j=interpreted, Vv=VM code)
j  gnu.io.RXTXPort.interruptEventLoop()V+0
j  gnu.io.RXTXPort.removeEventListener()V+55
j  buzzers.Communicator.disconnect()V+4
j  buzzers.GUIController.onExit()V+4
j  buzzers.QuickPlayController.onBack(Ljavafx/event/ActionEvent;)V+22
v  ~StubRoutines::call_stub
J 2437  sun.reflect.NativeMethodAccessorImpl.invoke0(Ljava/lang/reflect/Method;Ljava/lang/Object;[Ljava/lang/Object;)Ljava/lang/Object; (0 bytes) @ 0x0000000110cc0d77 [0x0000000110cc0d00+0x77]
J 2436 C1 sun.reflect.NativeMethodAccessorImpl.invoke(Ljava/lang/Object;[Ljava/lang/Object;)Ljava/lang/Object; (104 bytes) @ 0x0000000110cd1414 [0x0000000110cd0240+0x11d4]
J 785 C1 sun.reflect.DelegatingMethodAccessorImpl.invoke(Ljava/lang/Object;[Ljava/lang/Object;)Ljava/lang/Object; (10 bytes) @ 0x000000011085e74c [0x000000011085e640+0x10c]
J 784 C1 java.lang.reflect.Method.invoke(Ljava/lang/Object;[Ljava/lang/Object;)Ljava/lang/Object; (62 bytes) @ 0x000000011085ef14 [0x000000011085eb20+0x3f4]
J 866 C1 sun.reflect.misc.Trampoline.invoke(Ljava/lang/reflect/Method;Ljava/lang/Object;[Ljava/lang/Object;)Ljava/lang/Object; (11 bytes) @ 0x0000000110896f94 [0x0000000110896e80+0x114]
j  sun.reflect.GeneratedMethodAccessor1.invoke(Ljava/lang/Object;[Ljava/lang/Object;)Ljava/lang/Object;+40
J 785 C1 sun.reflect.DelegatingMethodAccessorImpl.invoke(Ljava/lang/Object;[Ljava/lang/Object;)Ljava/lang/Object; (10 bytes) @ 0x000000011085e74c [0x000000011085e640+0x10c]
J 784 C1 java.lang.reflect.Method.invoke(Ljava/lang/Object;[Ljava/lang/Object;)Ljava/lang/Object; (62 bytes) @ 0x000000011085ef14 [0x000000011085eb20+0x3f4]
J 865 C1 sun.reflect.misc.MethodUtil.invoke(Ljava/lang/reflect/Method;Ljava/lang/Object;[Ljava/lang/Object;)Ljava/lang/Object; (111 bytes) @ 0x000000011089558c [0x00000001108950c0+0x4cc]
j  javafx.fxml.FXMLLoader$MethodHandler.invoke([Ljava/lang/Object;)V+19
j  javafx.fxml.FXMLLoader$ControllerMethodEventHandler.handle(Ljavafx/event/Event;)V+12
j  com.sun.javafx.event.CompositeEventHandler.dispatchBubblingEvent(Ljavafx/event/Event;)V+51
J 2304 C1 com.sun.javafx.event.EventHandlerManager.dispatchBubblingEvent(Ljavafx/event/Event;)Ljavafx/event/Event; (23 bytes) @ 0x0000000110c5735c [0x0000000110c56ce0+0x67c]
J 2322 C1 com.sun.javafx.event.CompositeEventDispatcher.dispatchBubblingEvent(Ljavafx/event/Event;)Ljavafx/event/Event; (35 bytes) @ 0x0000000110c64c1c [0x0000000110c64a60+0x1bc]
J 2178 C1 com.sun.javafx.event.BasicEventDispatcher.dispatchEvent(Ljavafx/event/Event;Ljavafx/event/EventDispatchChain;)Ljavafx/event/Event; (44 bytes) @ 0x0000000110c17f34 [0x0000000110c17c00+0x334]
J 1966 C1 com.sun.javafx.event.EventDispatchChainImpl.dispatchEvent(Ljavafx/event/Event;)Ljavafx/event/Event; (101 bytes) @ 0x0000000110b70fd4 [0x0000000110b70e20+0x1b4]
J 2178 C1 com.sun.javafx.event.BasicEventDispatcher.dispatchEvent(Ljavafx/event/Event;Ljavafx/event/EventDispatchChain;)Ljavafx/event/Event; (44 bytes) @ 0x0000000110c17e4c [0x0000000110c17c00+0x24c]
J 1966 C1 com.sun.javafx.event.EventDispatchChainImpl.dispatchEvent(Ljavafx/event/Event;)Ljavafx/event/Event; (101 bytes) @ 0x0000000110b70fd4 [0x0000000110b70e20+0x1b4]
J 2178 C1 com.sun.javafx.event.BasicEventDispatcher.dispatchEvent(Ljavafx/event/Event;Ljavafx/event/EventDispatchChain;)Ljavafx/event/Event; (44 bytes) @ 0x0000000110c17e4c [0x0000000110c17c00+0x24c]
J 1966 C1 com.sun.javafx.event.EventDispatchChainImpl.dispatchEvent(Ljavafx/event/Event;)Ljavafx/event/Event; (101 bytes) @ 0x0000000110b70fd4 [0x0000000110b70e20+0x1b4]
J 2712 C1 com.sun.javafx.event.EventUtil.fireEvent(Ljavafx/event/EventTarget;Ljavafx/event/Event;)Ljavafx/event/Event; (81 bytes) @ 0x0000000110df0b8c [0x0000000110deffc0+0xbcc]
J 2711 C1 javafx.event.Event.fireEvent(Ljavafx/event/EventTarget;Ljavafx/event/Event;)V (35 bytes) @ 0x0000000110def96c [0x0000000110def8a0+0xcc]
j  javafx.scene.Node.fireEvent(Ljavafx/event/Event;)V+86
j  javafx.scene.control.Button.fire()V+15
j  com.sun.javafx.scene.control.behavior.ButtonBehavior.mouseReleased(Ljavafx/scene/input/MouseEvent;)V+23
j  com.sun.javafx.scene.control.skin.BehaviorSkinBase$1.handle(Ljavafx/scene/input/MouseEvent;)V+83
j  com.sun.javafx.scene.control.skin.BehaviorSkinBase$1.handle(Ljavafx/event/Event;)V+5
j  com.sun.javafx.event.CompositeEventHandler$NormalEventHandlerRecord.handleBubblingEvent(Ljavafx/event/Event;)V+5
j  com.sun.javafx.event.CompositeEventHandler.dispatchBubblingEvent(Ljavafx/event/Event;)V+28
J 2304 C1 com.sun.javafx.event.EventHandlerManager.dispatchBubblingEvent(Ljavafx/event/Event;)Ljavafx/event/Event; (23 bytes) @ 0x0000000110c5735c [0x0000000110c56ce0+0x67c]
J 2322 C1 com.sun.javafx.event.CompositeEventDispatcher.dispatchBubblingEvent(Ljavafx/event/Event;)Ljavafx/event/Event; (35 bytes) @ 0x0000000110c64c1c [0x0000000110c64a60+0x1bc]
J 2178 C1 com.sun.javafx.event.BasicEventDispatcher.dispatchEvent(Ljavafx/event/Event;Ljavafx/event/EventDispatchChain;)Ljavafx/event/Event; (44 bytes) @ 0x0000000110c17f34 [0x0000000110c17c00+0x334]
J 1966 C1 com.sun.javafx.event.EventDispatchChainImpl.dispatchEvent(Ljavafx/event/Event;)Ljavafx/event/Event; (101 bytes) @ 0x0000000110b70fd4 [0x0000000110b70e20+0x1b4]
J 2178 C1 com.sun.javafx.event.BasicEventDispatcher.dispatchEvent(Ljavafx/event/Event;Ljavafx/event/EventDispatchChain;)Ljavafx/event/Event; (44 bytes) @ 0x0000000110c17e4c [0x0000000110c17c00+0x24c]
J 1966 C1 com.sun.javafx.event.EventDispatchChainImpl.dispatchEvent(Ljavafx/event/Event;)Ljavafx/event/Event; (101 bytes) @ 0x0000000110b70fd4 [0x0000000110b70e20+0x1b4]
J 2178 C1 com.sun.javafx.event.BasicEventDispatcher.dispatchEvent(Ljavafx/event/Event;Ljavafx/event/EventDispatchChain;)Ljavafx/event/Event; (44 bytes) @ 0x0000000110c17e4c [0x0000000110c17c00+0x24c]
J 1966 C1 com.sun.javafx.event.EventDispatchChainImpl.dispatchEvent(Ljavafx/event/Event;)Ljavafx/event/Event; (101 bytes) @ 0x0000000110b70fd4 [0x0000000110b70e20+0x1b4]
J 2712 C1 com.sun.javafx.event.EventUtil.fireEvent(Ljavafx/event/EventTarget;Ljavafx/event/Event;)Ljavafx/event/Event; (81 bytes) @ 0x0000000110df06dc [0x0000000110deffc0+0x71c]
J 2711 C1 javafx.event.Event.fireEvent(Ljavafx/event/EventTarget;Ljavafx/event/Event;)V (35 bytes) @ 0x0000000110def96c [0x0000000110def8a0+0xcc]
j  javafx.scene.Scene$MouseHandler.process(Ljavafx/scene/input/MouseEvent;Z)V+491
j  javafx.scene.Scene$MouseHandler.access$1500(Ljavafx/scene/Scene$MouseHandler;Ljavafx/scene/input/MouseEvent;Z)V+3
j  javafx.scene.Scene.impl_processMouseEvent(Ljavafx/scene/input/MouseEvent;)V+6
j  javafx.scene.Scene$ScenePeerListener.mouseEvent(Ljavafx/event/EventType;DDDDLjavafx/scene/input/MouseButton;ZZZZZZZZZ)V+46
j  com.sun.javafx.tk.quantum.GlassViewEventHandler$MouseEventNotification.run()Ljava/lang/Void;+476
j  com.sun.javafx.tk.quantum.GlassViewEventHandler$MouseEventNotification.run()Ljava/lang/Object;+1
v  ~StubRoutines::call_stub
J 1946  java.security.AccessController.doPrivileged(Ljava/security/PrivilegedAction;Ljava/security/AccessControlContext;)Ljava/lang/Object; (0 bytes) @ 0x0000000110b5cae3 [0x0000000110b5ca80+0x63]
j  com.sun.javafx.tk.quantum.GlassViewEventHandler.lambda$handleMouseEvent$354()Ljava/lang/Void;+11
j  com.sun.javafx.tk.quantum.GlassViewEventHandler$$Lambda$163.get()Ljava/lang/Object;+4
J 2134 C1 com.sun.javafx.tk.quantum.QuantumToolkit.runWithoutRenderLock(Ljava/util/function/Supplier;)Ljava/lang/Object; (49 bytes) @ 0x0000000110bf8734 [0x0000000110bf8200+0x534]
j  com.sun.javafx.tk.quantum.GlassViewEventHandler.handleMouseEvent(Lcom/sun/glass/ui/View;JIIIIIIIZZ)V+103
j  com.sun.glass.ui.View.handleMouseEvent(JIIIIIIIZZ)V+30
j  com.sun.glass.ui.View.notifyMouse(IIIIIIIZZ)V+181
v  ~StubRoutines::call_stub

---------------  P R O C E S S  ---------------

Java Threads: ( => current thread )
  0x00007fbbf41af000 JavaThread "Prism Font Disposer" daemon [_thread_blocked, id=53255, stack(0x00007000014dc000,0x00007000015dc000)]
  0x00007fbbf30f0000 JavaThread "JavaFX-Launcher" [_thread_blocked, id=48643, stack(0x00007000013d9000,0x00007000014d9000)]
  0x00007fbbf40dd800 JavaThread "Thread-3" daemon [_thread_in_native, id=36611, stack(0x00007000012d3000,0x0000700001353000)]
=>0x00007fbbf4063800 JavaThread "JavaFX Application Thread" [_thread_in_native, id=2571, stack(0x00007fff512b9000,0x00007fff51ab9000)]
  0x00007fbbf3933800 JavaThread "Thread-1" daemon [_thread_blocked, id=24599, stack(0x000070000114d000,0x000070000124d000)]
  0x00007fbbf49f1800 JavaThread "QuantumRenderer-0" daemon [_thread_blocked, id=19715, stack(0x000070000104a000,0x000070000114a000)]
  0x00007fbbf3854800 JavaThread "Service Thread" daemon [_thread_blocked, id=18691, stack(0x0000700000e44000,0x0000700000f44000)]
  0x00007fbbf4803000 JavaThread "C1 CompilerThread2" daemon [_thread_blocked, id=18179, stack(0x0000700000d41000,0x0000700000e41000)]
  0x00007fbbf401d800 JavaThread "C2 CompilerThread1" daemon [_thread_blocked, id=17667, stack(0x0000700000c3e000,0x0000700000d3e000)]
  0x00007fbbf4011800 JavaThread "C2 CompilerThread0" daemon [_thread_blocked, id=17155, stack(0x0000700000b3b000,0x0000700000c3b000)]
  0x00007fbbf302b800 JavaThread "Signal Dispatcher" daemon [_thread_blocked, id=12815, stack(0x0000700000a38000,0x0000700000b38000)]
  0x00007fbbf4010000 JavaThread "Finalizer" daemon [_thread_blocked, id=12291, stack(0x000070000082f000,0x000070000092f000)]
  0x00007fbbf3016800 JavaThread "Reference Handler" daemon [_thread_blocked, id=11779, stack(0x000070000072c000,0x000070000082c000)]
  0x00007fbbf4007800 JavaThread "main" [_thread_blocked, id=5891, stack(0x000070000011a000,0x000070000021a000)]

Other Threads:
  0x00007fbbf3014000 VMThread [stack: 0x0000700000629000,0x0000700000729000] [id=11267]
  0x00007fbbf4028800 WatcherThread [stack: 0x0000700000f47000,0x0000700001047000] [id=19203]

VM state:not at safepoint (normal execution)

VM Mutex/Monitor currently owned by a thread: None

Heap:
 PSYoungGen      total 18944K, used 14013K [0x00000007aab00000, 0x00000007ad000000, 0x00000007c0000000)
  eden space 16384K, 70% used [0x00000007aab00000,0x00000007ab637710,0x00000007abb00000)
  from space 2560K, 98% used [0x00000007abb00000,0x00000007abd78020,0x00000007abd80000)
  to   space 2560K, 0% used [0x00000007acd80000,0x00000007acd80000,0x00000007ad000000)
 ParOldGen       total 44032K, used 7632K [0x0000000780000000, 0x0000000782b00000, 0x00000007aab00000)
  object space 44032K, 17% used [0x0000000780000000,0x0000000780774288,0x0000000782b00000)
 Metaspace       used 17689K, capacity 18540K, committed 18688K, reserved 1064960K
  class space    used 2486K, capacity 2701K, committed 2816K, reserved 1048576K

Card table byte_map: [0x000000011f946000,0x000000011fb47000] byte_map_base: 0x000000011bd46000

Marking Bits: (ParMarkBitMap*) 0x000000010fedde20
 Begin Bits: [0x000000011fc9d000, 0x0000000120c9d000)
 End Bits:   [0x0000000120c9d000, 0x0000000121c9d000)

Polling page: 0x000000010e582000

CodeCache: size=245760Kb used=8705Kb max_used=8705Kb free=237054Kb
 bounds [0x0000000110586000, 0x0000000110e16000, 0x000000011f586000]
 total_blobs=3381 nmethods=2736 adapters=558
 compilation: enabled

Compilation events (10 events):
Event: 11.725 Thread 0x00007fbbf4803000 2734       3       java.util.concurrent.locks.LockSupport::setBlocker (12 bytes)
Event: 11.725 Thread 0x00007fbbf4803000 nmethod 2734 0x0000000110e07f50 code [0x0000000110e080a0, 0x0000000110e081f0]
Event: 11.755 Thread 0x00007fbbf4803000 2735       3       java.util.WeakHashMap::putAll (133 bytes)
Event: 11.757 Thread 0x00007fbbf4803000 nmethod 2735 0x0000000110e08250 code [0x0000000110e084a0, 0x0000000110e09048]
Event: 11.805 Thread 0x00007fbbf4803000 2736       1       com.sun.scenario.animation.AnimationPulse::getEnabled (5 bytes)
Event: 11.806 Thread 0x00007fbbf4803000 nmethod 2736 0x0000000110def050 code [0x0000000110def1a0, 0x0000000110def2b0]
Event: 11.806 Thread 0x00007fbbf4803000 2737       1       com.sun.scenario.animation.AbstractMasterTimer::access$500 (5 bytes)
Event: 11.806 Thread 0x00007fbbf4803000 nmethod 2737 0x0000000110e09390 code [0x0000000110e094e0, 0x0000000110e095d0]
Event: 11.838 Thread 0x00007fbbf4803000 2738       3       java.util.concurrent.locks.AbstractQueuedSynchronizer::compareAndSetWaitStatus (13 bytes)
Event: 11.839 Thread 0x00007fbbf4803000 nmethod 2738 0x0000000110e09650 code [0x0000000110e097a0, 0x0000000110e098f0]

GC Heap History (6 events):
Event: 0.803 GC heap before
{Heap before GC invocations=1 (full 0):
 PSYoungGen      total 18944K, used 16384K [0x00000007aab00000, 0x00000007ac000000, 0x00000007c0000000)
  eden space 16384K, 100% used [0x00000007aab00000,0x00000007abb00000,0x00000007abb00000)
  from space 2560K, 0% used [0x00000007abd80000,0x00000007abd80000,0x00000007ac000000)
  to   space 2560K, 0% used [0x00000007abb00000,0x00000007abb00000,0x00000007abd80000)
 ParOldGen       total 44032K, used 0K [0x0000000780000000, 0x0000000782b00000, 0x00000007aab00000)
  object space 44032K, 0% used [0x0000000780000000,0x0000000780000000,0x0000000782b00000)
 Metaspace       used 9417K, capacity 9736K, committed 10112K, reserved 1058816K
  class space    used 1204K, capacity 1297K, committed 1408K, reserved 1048576K
Event: 0.811 GC heap after
Heap after GC invocations=1 (full 0):
 PSYoungGen      total 18944K, used 2528K [0x00000007aab00000, 0x00000007ac000000, 0x00000007c0000000)
  eden space 16384K, 0% used [0x00000007aab00000,0x00000007aab00000,0x00000007abb00000)
  from space 2560K, 98% used [0x00000007abb00000,0x00000007abd78040,0x00000007abd80000)
  to   space 2560K, 0% used [0x00000007abd80000,0x00000007abd80000,0x00000007ac000000)
 ParOldGen       total 44032K, used 214K [0x0000000780000000, 0x0000000782b00000, 0x00000007aab00000)
  object space 44032K, 0% used [0x0000000780000000,0x0000000780035bb0,0x0000000782b00000)
 Metaspace       used 9417K, capacity 9736K, committed 10112K, reserved 1058816K
  class space    used 1204K, capacity 1297K, committed 1408K, reserved 1048576K
}
Event: 1.423 GC heap before
{Heap before GC invocations=2 (full 0):
 PSYoungGen      total 18944K, used 18912K [0x00000007aab00000, 0x00000007ac000000, 0x00000007c0000000)
  eden space 16384K, 100% used [0x00000007aab00000,0x00000007abb00000,0x00000007abb00000)
  from space 2560K, 98% used [0x00000007abb00000,0x00000007abd78040,0x00000007abd80000)
  to   space 2560K, 0% used [0x00000007abd80000,0x00000007abd80000,0x00000007ac000000)
 ParOldGen       total 44032K, used 214K [0x0000000780000000, 0x0000000782b00000, 0x00000007aab00000)
  object space 44032K, 0% used [0x0000000780000000,0x0000000780035bb0,0x0000000782b00000)
 Metaspace       used 12496K, capacity 12950K, committed 13056K, reserved 1060864K
  class space    used 1678K, capacity 1788K, committed 1792K, reserved 1048576K
Event: 1.432 GC heap after
Heap after GC invocations=2 (full 0):
 PSYoungGen      total 18944K, used 2528K [0x00000007aab00000, 0x00000007ad000000, 0x00000007c0000000)
  eden space 16384K, 0% used [0x00000007aab00000,0x00000007aab00000,0x00000007abb00000)
  from space 2560K, 98% used [0x00000007abd80000,0x00000007abff8040,0x00000007ac000000)
  to   space 2560K, 0% used [0x00000007abb00000,0x00000007abb00000,0x00000007abd80000)
 ParOldGen       total 44032K, used 1589K [0x0000000780000000, 0x0000000782b00000, 0x00000007aab00000)
  object space 44032K, 3% used [0x0000000780000000,0x000000078018d798,0x0000000782b00000)
 Metaspace       used 12496K, capacity 12950K, committed 13056K, reserved 1060864K
  class space    used 1678K, capacity 1788K, committed 1792K, reserved 1048576K
}
Event: 3.537 GC heap before
{Heap before GC invocations=3 (full 0):
 PSYoungGen      total 18944K, used 18912K [0x00000007aab00000, 0x00000007ad000000, 0x00000007c0000000)
  eden space 16384K, 100% used [0x00000007aab00000,0x00000007abb00000,0x00000007abb00000)
  from space 2560K, 98% used [0x00000007abd80000,0x00000007abff8040,0x00000007ac000000)
  to   space 2560K, 0% used [0x00000007abb00000,0x00000007abb00000,0x00000007abd80000)
 ParOldGen       total 44032K, used 1589K [0x0000000780000000, 0x0000000782b00000, 0x00000007aab00000)
  object space 44032K, 3% used [0x0000000780000000,0x000000078018d798,0x0000000782b00000)
 Metaspace       used 15827K, capacity 16606K, committed 16896K, reserved 1062912K
  class space    used 2306K, capacity 2458K, committed 2560K, reserved 1048576K
Event: 3.553 GC heap after
Heap after GC invocations=3 (full 0):
 PSYoungGen      total 18944K, used 2528K [0x00000007aab00000, 0x00000007ad000000, 0x00000007c0000000)
  eden space 16384K, 0% used [0x00000007aab00000,0x00000007aab00000,0x00000007abb00000)
  from space 2560K, 98% used [0x00000007abb00000,0x00000007abd78020,0x00000007abd80000)
  to   space 2560K, 0% used [0x00000007acd80000,0x00000007acd80000,0x00000007ad000000)
 ParOldGen       total 44032K, used 7632K [0x0000000780000000, 0x0000000782b00000, 0x00000007aab00000)
  object space 44032K, 17% used [0x0000000780000000,0x0000000780774288,0x0000000782b00000)
 Metaspace       used 15827K, capacity 16606K, committed 16896K, reserved 1062912K
  class space    used 2306K, capacity 2458K, committed 2560K, reserved 1048576K
}

Deoptimization events (10 events):
Event: 2.286 Thread 0x00007fbbf49f1800 Uncommon trap: reason=bimorphic action=maybe_recompile pc=0x0000000110ab7b7c method=java.util.WeakHashMap.eq(Ljava/lang/Object;Ljava/lang/Object;)Z @ 7
Event: 2.315 Thread 0x00007fbbf49f1800 Uncommon trap: reason=bimorphic action=maybe_recompile pc=0x0000000110ab7b7c method=java.util.WeakHashMap.eq(Ljava/lang/Object;Ljava/lang/Object;)Z @ 7
Event: 2.316 Thread 0x00007fbbf49f1800 Uncommon trap: reason=bimorphic action=maybe_recompile pc=0x0000000110ab7b7c method=java.util.WeakHashMap.eq(Ljava/lang/Object;Ljava/lang/Object;)Z @ 7
Event: 4.259 Thread 0x00007fbbf4063800 Uncommon trap: reason=unstable_if action=reinterpret pc=0x0000000110903bc4 method=jdk.internal.org.objectweb.asm.Type.getArgumentsAndReturnSizes(Ljava/lang/String;)I @ 47
Event: 4.572 Thread 0x00007fbbf4063800 Uncommon trap: reason=unstable_if action=reinterpret pc=0x0000000110b8a3e0 method=java.util.HashMap.removeNode(ILjava/lang/Object;Ljava/lang/Object;ZZ)Ljava/util/HashMap$Node; @ 46
Event: 4.657 Thread 0x00007fbbf49f1800 Uncommon trap: reason=unstable_if action=reinterpret pc=0x0000000110c249f0 method=java.lang.Math.round(F)I @ 36
Event: 5.310 Thread 0x00007fbbf4063800 Uncommon trap: reason=null_check action=make_not_entrant pc=0x0000000110bb6c70 method=javafx.scene.Node$MiscProperties.getClip()Ljavafx/scene/Node; @ 20
Event: 7.498 Thread 0x00007fbbf4063800 Uncommon trap: reason=unstable_if action=reinterpret pc=0x00000001108cd5f4 method=java.lang.Class.privateGetMethodRecursive(Ljava/lang/String;[Ljava/lang/Class;ZLjava/lang/Class$MethodArray;)Ljava/lang/reflect/Method; @ 112
Event: 7.498 Thread 0x00007fbbf4063800 Uncommon trap: reason=unstable_if action=reinterpret pc=0x000000011086e7a8 method=java.lang.Class$MethodArray.getFirst()Ljava/lang/reflect/Method; @ 22
Event: 7.576 Thread 0x00007fbbf4063800 Uncommon trap: reason=unstable_if action=reinterpret pc=0x0000000110c6cb20 method=javafx.scene.CssStyleHelper.lookup(Ljavafx/css/Styleable;Ljavafx/css/CssMetaData;Lcom/sun/javafx/css/StyleMap;Ljava/util/Set;Ljavafx/css/Styleable;Lcom/sun/javafx/css/Calcul

Internal exceptions (10 events):
Event: 0.843 Thread 0x00007fbbf4063800 Exception <a 'java/lang/ArrayIndexOutOfBoundsException'> (0x00000007aabfe088) thrown at [/HUDSON3/workspace/8-2-build-macosx-x86_64/jdk8u66/4988/hotspot/src/share/vm/runtime/sharedRuntime.cpp, line 605]
Event: 1.079 Thread 0x00007fbbf4063800 Exception <a 'java/lang/ArrayIndexOutOfBoundsException'> (0x00000007aaf77b80) thrown at [/HUDSON3/workspace/8-2-build-macosx-x86_64/jdk8u66/4988/hotspot/src/share/vm/runtime/sharedRuntime.cpp, line 605]
Event: 1.085 Thread 0x00007fbbf4063800 Exception <a 'java/lang/ArrayIndexOutOfBoundsException'> (0x00000007aafed0f8) thrown at [/HUDSON3/workspace/8-2-build-macosx-x86_64/jdk8u66/4988/hotspot/src/share/vm/runtime/sharedRuntime.cpp, line 605]
Event: 1.223 Thread 0x00007fbbf4063800 Exception <a 'java/io/FileNotFoundException'> (0x00000007ab6fc6d8) thrown at [/HUDSON3/workspace/8-2-build-macosx-x86_64/jdk8u66/4988/hotspot/src/share/vm/prims/jni.cpp, line 709]
Event: 1.225 Thread 0x00007fbbf4063800 Exception <a 'java/io/FileNotFoundException'> (0x00000007ab6fec38) thrown at [/HUDSON3/workspace/8-2-build-macosx-x86_64/jdk8u66/4988/hotspot/src/share/vm/prims/jni.cpp, line 709]
Event: 1.227 Thread 0x00007fbbf4063800 Exception <a 'java/io/FileNotFoundException'> (0x00000007ab70b650) thrown at [/HUDSON3/workspace/8-2-build-macosx-x86_64/jdk8u66/4988/hotspot/src/share/vm/prims/jni.cpp, line 709]
Event: 1.229 Thread 0x00007fbbf4063800 Exception <a 'java/io/FileNotFoundException'> (0x00000007ab70da50) thrown at [/HUDSON3/workspace/8-2-build-macosx-x86_64/jdk8u66/4988/hotspot/src/share/vm/prims/jni.cpp, line 709]
Event: 1.471 Thread 0x00007fbbf4063800 Implicit null exception at 0x00000001108c91ad to 0x00000001108c91fd
Event: 2.201 Thread 0x00007fbbf4063800 Implicit null exception at 0x0000000110a2a0cb to 0x0000000110a2a861
Event: 5.310 Thread 0x00007fbbf4063800 Implicit null exception at 0x0000000110bb6c0e to 0x0000000110bb6c65

Events (10 events):
Event: 7.650 Executing VM operation: RevokeBias done
Event: 8.958 loading class gnu/io/SerialPortEvent
Event: 8.958 loading class gnu/io/SerialPortEvent done
Event: 8.958 loading class buzzers/Communicator$1
Event: 8.958 loading class buzzers/Communicator$1 done
Event: 9.808 loading class java/util/ArrayList$SubList$1
Event: 9.808 loading class java/util/ArrayList$SubList$1 done
Event: 11.865 Executing VM operation: RevokeBias
Event: 11.866 Executing VM operation: RevokeBias done
Event: 11.866 Thread 0x00007fbbf3c73800 Thread exited: 0x00007fbbf3c73800


Dynamic libraries:
0x0000000000c75000 	/System/Library/Frameworks/Cocoa.framework/Versions/A/Cocoa
0x000000010e167000 	/System/Library/Frameworks/Security.framework/Versions/A/Security
0x0000000000c75000 	/System/Library/Frameworks/ApplicationServices.framework/Versions/A/ApplicationServices
0x0000000000c75000 	/usr/lib/libz.1.dylib
0x0000000000c75000 	/usr/lib/libSystem.B.dylib
0x0000000000c75000 	/usr/lib/libobjc.A.dylib
0x0000000000c75000 	/System/Library/Frameworks/CoreFoundation.framework/Versions/A/CoreFoundation
0x0000000000c75000 	/System/Library/Frameworks/Foundation.framework/Versions/C/Foundation
0x0000000000c75000 	/System/Library/Frameworks/AppKit.framework/Versions/C/AppKit
0x0000000000c75000 	/System/Library/Frameworks/CoreData.framework/Versions/A/CoreData
0x0000000000c75000 	/System/Library/PrivateFrameworks/RemoteViewServices.framework/Versions/A/RemoteViewServices
0x0000000000c75000 	/System/Library/PrivateFrameworks/UIFoundation.framework/Versions/A/UIFoundation
0x0000000000c75000 	/usr/lib/libScreenReader.dylib
0x0000000000c75000 	/System/Library/Frameworks/Accelerate.framework/Versions/A/Accelerate
0x0000000000c75000 	/System/Library/Frameworks/IOSurface.framework/Versions/A/IOSurface
0x0000000000c75000 	/System/Library/Frameworks/AudioToolbox.framework/Versions/A/AudioToolbox
0x0000000000c75000 	/System/Library/Frameworks/AudioUnit.framework/Versions/A/AudioUnit
0x0000000000c75000 	/System/Library/PrivateFrameworks/DataDetectorsCore.framework/Versions/A/DataDetectorsCore
0x0000000000c75000 	/System/Library/PrivateFrameworks/DesktopServicesPriv.framework/Versions/A/DesktopServicesPriv
0x0000000000c75000 	/System/Library/Frameworks/Carbon.framework/Versions/A/Frameworks/HIToolbox.framework/Versions/A/HIToolbox
0x0000000000c75000 	/System/Library/Frameworks/QuartzCore.framework/Versions/A/QuartzCore
0x0000000000c75000 	/System/Library/Frameworks/Carbon.framework/Versions/A/Frameworks/SpeechRecognition.framework/Versions/A/SpeechRecognition
0x0000000000c75000 	/usr/lib/libauto.dylib
0x0000000000c75000 	/usr/lib/libicucore.A.dylib
0x0000000000c75000 	/usr/lib/libxml2.2.dylib
0x0000000000c75000 	/System/Library/PrivateFrameworks/CoreUI.framework/Versions/A/CoreUI
0x0000000000c75000 	/System/Library/Frameworks/CoreAudio.framework/Versions/A/CoreAudio
0x0000000000c75000 	/System/Library/Frameworks/DiskArbitration.framework/Versions/A/DiskArbitration
0x0000000000c75000 	/usr/lib/liblangid.dylib
0x0000000000c75000 	/System/Library/PrivateFrameworks/MultitouchSupport.framework/Versions/A/MultitouchSupport
0x0000000000c75000 	/System/Library/Frameworks/IOKit.framework/Versions/A/IOKit
0x0000000000c75000 	/usr/lib/libDiagnosticMessagesClient.dylib
0x0000000000c75000 	/System/Library/Frameworks/CoreServices.framework/Versions/A/CoreServices
0x0000000000c75000 	/System/Library/PrivateFrameworks/PerformanceAnalysis.framework/Versions/A/PerformanceAnalysis
0x0000000000c75000 	/System/Library/PrivateFrameworks/GenerationalStorage.framework/Versions/A/GenerationalStorage
0x0000000000c75000 	/System/Library/Frameworks/OpenGL.framework/Versions/A/OpenGL
0x0000000000c75000 	/System/Library/PrivateFrameworks/Sharing.framework/Versions/A/Sharing
0x0000000000c75000 	/System/Library/Frameworks/CoreGraphics.framework/Versions/A/CoreGraphics
0x0000000000c75000 	/System/Library/Frameworks/CoreImage.framework/Versions/A/CoreImage
0x0000000000c75000 	/System/Library/Frameworks/CoreText.framework/Versions/A/CoreText
0x0000000000c75000 	/System/Library/Frameworks/ImageIO.framework/Versions/A/ImageIO
0x0000000000c75000 	/System/Library/PrivateFrameworks/Backup.framework/Versions/A/Backup
0x0000000000c75000 	/usr/lib/libextension.dylib
0x0000000000c75000 	/usr/lib/libarchive.2.dylib
0x000000010e585000 	/System/Library/Frameworks/CFNetwork.framework/Versions/A/CFNetwork
0x0000000000c75000 	/System/Library/Frameworks/SystemConfiguration.framework/Versions/A/SystemConfiguration
0x0000000000c75000 	/usr/lib/libCRFSuite.dylib
0x0000000000c75000 	/usr/lib/libc++.1.dylib
0x0000000000c75000 	/usr/lib/libc++abi.dylib
0x0000000000c75000 	/usr/lib/system/libcache.dylib
0x0000000000c75000 	/usr/lib/system/libcommonCrypto.dylib
0x0000000000c75000 	/usr/lib/system/libcompiler_rt.dylib
0x0000000000c75000 	/usr/lib/system/libcopyfile.dylib
0x0000000000c75000 	/usr/lib/system/libcorecrypto.dylib
0x0000000000c75000 	/usr/lib/system/libdispatch.dylib
0x0000000000c75000 	/usr/lib/system/libdyld.dylib
0x0000000000c75000 	/usr/lib/system/libkeymgr.dylib
0x000000010e9fd000 	/usr/lib/system/liblaunch.dylib
0x0000000000c75000 	/usr/lib/system/libmacho.dylib
0x0000000000c75000 	/usr/lib/system/libquarantine.dylib
0x0000000000c75000 	/usr/lib/system/libremovefile.dylib
0x0000000000c75000 	/usr/lib/system/libsystem_asl.dylib
0x0000000000c75000 	/usr/lib/system/libsystem_blocks.dylib
0x0000000000c75000 	/usr/lib/system/libsystem_c.dylib
0x0000000000c75000 	/usr/lib/system/libsystem_configuration.dylib
0x0000000000c75000 	/usr/lib/system/libsystem_coreservices.dylib
0x0000000000c75000 	/usr/lib/system/libsystem_coretls.dylib
0x0000000000c75000 	/usr/lib/system/libsystem_dnssd.dylib
0x0000000000c75000 	/usr/lib/system/libsystem_info.dylib
0x0000000000c75000 	/usr/lib/system/libsystem_kernel.dylib
0x0000000000c75000 	/usr/lib/system/libsystem_m.dylib
0x0000000000c75000 	/usr/lib/system/libsystem_malloc.dylib
0x0000000000c75000 	/usr/lib/system/libsystem_network.dylib
0x0000000000c75000 	/usr/lib/system/libsystem_networkextension.dylib
0x0000000000c75000 	/usr/lib/system/libsystem_notify.dylib
0x0000000000c75000 	/usr/lib/system/libsystem_platform.dylib
0x0000000000c75000 	/usr/lib/system/libsystem_pthread.dylib
0x000000010ea0a000 	/usr/lib/system/libsystem_sandbox.dylib
0x0000000000c75000 	/usr/lib/system/libsystem_secinit.dylib
0x0000000000c75000 	/usr/lib/system/libsystem_trace.dylib
0x0000000000c75000 	/usr/lib/system/libunc.dylib
0x0000000000c75000 	/usr/lib/system/libunwind.dylib
0x000000010ea14000 	/usr/lib/system/libxpc.dylib
0x0000000000c75000 	/usr/lib/libenergytrace.dylib
0x0000000000c75000 	/usr/lib/libbsm.0.dylib
0x0000000000c75000 	/usr/lib/system/libkxld.dylib
0x0000000000c75000 	/usr/lib/libxar.1.dylib
0x0000000000c75000 	/usr/lib/libsqlite3.dylib
0x0000000000c75000 	/usr/lib/libpam.2.dylib
0x0000000000c75000 	/usr/lib/libOpenScriptingUtil.dylib
0x0000000000c75000 	/usr/lib/libbz2.1.0.dylib
0x0000000000c75000 	/usr/lib/liblzma.5.dylib
0x0000000000c75000 	/System/Library/Frameworks/CoreServices.framework/Versions/A/Frameworks/FSEvents.framework/Versions/A/FSEvents
0x0000000000c75000 	/System/Library/Frameworks/CoreServices.framework/Versions/A/Frameworks/CarbonCore.framework/Versions/A/CarbonCore
0x0000000000c75000 	/System/Library/Frameworks/CoreServices.framework/Versions/A/Frameworks/Metadata.framework/Versions/A/Metadata
0x0000000000c75000 	/System/Library/Frameworks/CoreServices.framework/Versions/A/Frameworks/OSServices.framework/Versions/A/OSServices
0x0000000000c75000 	/System/Library/Frameworks/CoreServices.framework/Versions/A/Frameworks/SearchKit.framework/Versions/A/SearchKit
0x0000000000c75000 	/System/Library/Frameworks/CoreServices.framework/Versions/A/Frameworks/AE.framework/Versions/A/AE
0x0000000000c75000 	/System/Library/Frameworks/CoreServices.framework/Versions/A/Frameworks/LaunchServices.framework/Versions/A/LaunchServices
0x0000000000c75000 	/System/Library/Frameworks/CoreServices.framework/Versions/A/Frameworks/DictionaryServices.framework/Versions/A/DictionaryServices
0x0000000000c75000 	/System/Library/Frameworks/CoreServices.framework/Versions/A/Frameworks/SharedFileList.framework/Versions/A/SharedFileList
0x0000000000c75000 	/System/Library/Frameworks/NetFS.framework/Versions/A/NetFS
0x0000000000c75000 	/System/Library/PrivateFrameworks/NetAuth.framework/Versions/A/NetAuth
0x0000000000c75000 	/System/Library/PrivateFrameworks/login.framework/Versions/A/Frameworks/loginsupport.framework/Versions/A/loginsupport
0x0000000000c75000 	/System/Library/PrivateFrameworks/TCC.framework/Versions/A/TCC
0x0000000000c75000 	/usr/lib/libmecabra.dylib
0x0000000000c75000 	/System/Library/Frameworks/ApplicationServices.framework/Versions/A/Frameworks/ATS.framework/Versions/A/ATS
0x0000000000c75000 	/System/Library/Frameworks/ApplicationServices.framework/Versions/A/Frameworks/ColorSync.framework/Versions/A/ColorSync
0x0000000000c75000 	/System/Library/Frameworks/ApplicationServices.framework/Versions/A/Frameworks/HIServices.framework/Versions/A/HIServices
0x0000000000c75000 	/System/Library/Frameworks/ApplicationServices.framework/Versions/A/Frameworks/LangAnalysis.framework/Versions/A/LangAnalysis
0x0000000000c75000 	/System/Library/Frameworks/ApplicationServices.framework/Versions/A/Frameworks/PrintCore.framework/Versions/A/PrintCore
0x0000000000c75000 	/System/Library/Frameworks/ApplicationServices.framework/Versions/A/Frameworks/QD.framework/Versions/A/QD
0x0000000000c75000 	/System/Library/Frameworks/ApplicationServices.framework/Versions/A/Frameworks/SpeechSynthesis.framework/Versions/A/SpeechSynthesis
0x0000000000c75000 	/System/Library/Frameworks/Metal.framework/Versions/A/Metal
0x0000000000c75000 	/System/Library/Frameworks/Accelerate.framework/Versions/A/Frameworks/vImage.framework/Versions/A/vImage
0x0000000000c75000 	/System/Library/Frameworks/Accelerate.framework/Versions/A/Frameworks/vecLib.framework/Versions/A/vecLib
0x0000000000c75000 	/System/Library/Frameworks/Accelerate.framework/Versions/A/Frameworks/vecLib.framework/Versions/A/libvDSP.dylib
0x0000000000c75000 	/System/Library/Frameworks/Accelerate.framework/Versions/A/Frameworks/vecLib.framework/Versions/A/libvMisc.dylib
0x0000000000c75000 	/System/Library/Frameworks/Accelerate.framework/Versions/A/Frameworks/vecLib.framework/Versions/A/libLAPACK.dylib
0x0000000000c75000 	/System/Library/Frameworks/Accelerate.framework/Versions/A/Frameworks/vecLib.framework/Versions/A/libBLAS.dylib
0x0000000000c75000 	/System/Library/Frameworks/Accelerate.framework/Versions/A/Frameworks/vecLib.framework/Versions/A/libLinearAlgebra.dylib
0x0000000000c75000 	/System/Library/Frameworks/Accelerate.framework/Versions/A/Frameworks/vecLib.framework/Versions/A/libSparseBLAS.dylib
0x0000000000c75000 	/System/Library/PrivateFrameworks/GPUCompiler.framework/libmetal_timestamp.dylib
0x0000000000c75000 	/System/Library/Frameworks/OpenGL.framework/Versions/A/Libraries/libCoreFSCache.dylib
0x0000000000c75000 	/System/Library/PrivateFrameworks/IOAccelerator.framework/Versions/A/IOAccelerator
0x0000000000c75000 	/System/Library/Frameworks/ApplicationServices.framework/Versions/A/Frameworks/ATS.framework/Versions/A/Resources/libFontParser.dylib
0x0000000000c75000 	/System/Library/Frameworks/ApplicationServices.framework/Versions/A/Frameworks/ATS.framework/Versions/A/Resources/libFontRegistry.dylib
0x0000000000c75000 	/System/Library/PrivateFrameworks/AppleVPA.framework/Versions/A/AppleVPA
0x0000000000c75000 	/System/Library/PrivateFrameworks/AppleJPEG.framework/Versions/A/AppleJPEG
0x0000000000c75000 	/System/Library/Frameworks/ImageIO.framework/Versions/A/Resources/libJPEG.dylib
0x0000000000c75000 	/System/Library/Frameworks/ImageIO.framework/Versions/A/Resources/libTIFF.dylib
0x0000000000c75000 	/System/Library/Frameworks/ImageIO.framework/Versions/A/Resources/libPng.dylib
0x0000000000c75000 	/System/Library/Frameworks/ImageIO.framework/Versions/A/Resources/libGIF.dylib
0x0000000000c75000 	/System/Library/Frameworks/ImageIO.framework/Versions/A/Resources/libJP2.dylib
0x0000000000c75000 	/System/Library/Frameworks/ImageIO.framework/Versions/A/Resources/libRadiance.dylib
0x0000000000c75000 	/System/Library/Frameworks/CoreVideo.framework/Versions/A/CoreVideo
0x0000000000c75000 	/System/Library/Frameworks/OpenGL.framework/Versions/A/Libraries/libGLU.dylib
0x0000000000c75000 	/System/Library/Frameworks/OpenGL.framework/Versions/A/Libraries/libGFXShared.dylib
0x0000000000c75000 	/System/Library/Frameworks/OpenGL.framework/Versions/A/Libraries/libGL.dylib
0x0000000000c75000 	/System/Library/Frameworks/OpenGL.framework/Versions/A/Libraries/libGLImage.dylib
0x0000000000c75000 	/System/Library/Frameworks/OpenGL.framework/Versions/A/Libraries/libCVMSPluginSupport.dylib
0x0000000000c75000 	/System/Library/Frameworks/OpenGL.framework/Versions/A/Libraries/libCoreVMClient.dylib
0x0000000000c75000 	/usr/lib/libcompression.dylib
0x0000000000c75000 	/usr/lib/libcups.2.dylib
0x0000000000c75000 	/System/Library/Frameworks/Kerberos.framework/Versions/A/Kerberos
0x0000000000c75000 	/System/Library/Frameworks/GSS.framework/Versions/A/GSS
0x0000000000c75000 	/usr/lib/libresolv.9.dylib
0x0000000000c75000 	/usr/lib/libiconv.2.dylib
0x0000000000c75000 	/System/Library/PrivateFrameworks/Heimdal.framework/Versions/A/Heimdal
0x0000000000c75000 	/usr/lib/libheimdal-asn1.dylib
0x0000000000c75000 	/System/Library/Frameworks/OpenDirectory.framework/Versions/A/OpenDirectory
0x0000000000c75000 	/System/Library/PrivateFrameworks/CommonAuth.framework/Versions/A/CommonAuth
0x0000000000c75000 	/System/Library/Frameworks/OpenDirectory.framework/Versions/A/Frameworks/CFOpenDirectory.framework/Versions/A/CFOpenDirectory
0x0000000000c75000 	/System/Library/Frameworks/SecurityFoundation.framework/Versions/A/SecurityFoundation
0x0000000000c75000 	/System/Library/PrivateFrameworks/LanguageModeling.framework/Versions/A/LanguageModeling
0x0000000000c75000 	/usr/lib/libmarisa.dylib
0x0000000000c75000 	/usr/lib/libChineseTokenizer.dylib
0x0000000000c75000 	/usr/lib/libcmph.dylib
0x000000010ea5d000 	/System/Library/Frameworks/ServiceManagement.framework/Versions/A/ServiceManagement
0x0000000000c75000 	/usr/lib/libxslt.1.dylib
0x0000000000c75000 	/System/Library/Frameworks/Carbon.framework/Versions/A/Frameworks/Ink.framework/Versions/A/Ink
0x0000000000c75000 	/usr/lib/libFosl_dynamic.dylib
0x0000000000c75000 	/System/Library/PrivateFrameworks/FaceCore.framework/Versions/A/FaceCore
0x0000000000c75000 	/System/Library/Frameworks/OpenCL.framework/Versions/A/OpenCL
0x0000000000c75000 	/System/Library/PrivateFrameworks/CrashReporterSupport.framework/Versions/A/CrashReporterSupport
0x0000000000c75000 	/System/Library/PrivateFrameworks/IconServices.framework/Versions/A/IconServices
0x0000000000c75000 	/System/Library/PrivateFrameworks/Apple80211.framework/Versions/A/Apple80211
0x0000000000c75000 	/System/Library/Frameworks/CoreWLAN.framework/Versions/A/CoreWLAN
0x0000000000c75000 	/System/Library/Frameworks/IOBluetooth.framework/Versions/A/IOBluetooth
0x0000000000c75000 	/System/Library/PrivateFrameworks/CoreWiFi.framework/Versions/A/CoreWiFi
0x0000000000c75000 	/System/Library/Frameworks/CoreBluetooth.framework/Versions/A/CoreBluetooth
0x0000000000c75000 	/System/Library/PrivateFrameworks/ChunkingLibrary.framework/Versions/A/ChunkingLibrary
0x0000000000c75000 	/System/Library/PrivateFrameworks/DebugSymbols.framework/Versions/A/DebugSymbols
0x0000000000c75000 	/System/Library/PrivateFrameworks/CoreSymbolication.framework/Versions/A/CoreSymbolication
0x0000000000c75000 	/System/Library/PrivateFrameworks/Symbolication.framework/Versions/A/Symbolication
0x0000000000c75000 	/System/Library/PrivateFrameworks/SpeechRecognitionCore.framework/Versions/A/SpeechRecognitionCore
0x000000010f600000 	/Library/Java/JavaVirtualMachines/jdk1.8.0_66.jdk/Contents/Home/jre/lib/server/libjvm.dylib
0x0000000000c75000 	/usr/lib/libstdc++.6.dylib
0x000000010ecf3000 	/Library/Java/JavaVirtualMachines/jdk1.8.0_66.jdk/Contents/Home/jre/lib/libverify.dylib
0x000000010ed01000 	/Library/Java/JavaVirtualMachines/jdk1.8.0_66.jdk/Contents/Home/jre/lib/libjava.dylib
0x000000010ed3e000 	/Library/Java/JavaVirtualMachines/jdk1.8.0_66.jdk/Contents/Home/jre/lib/libzip.dylib
0x00000001238a8000 	/System/Library/Frameworks/JavaVM.framework/Frameworks/JavaRuntimeSupport.framework/JavaRuntimeSupport
0x00000001238c3000 	/System/Library/Frameworks/JavaVM.framework/Versions/A/Frameworks/JavaNativeFoundation.framework/Versions/A/JavaNativeFoundation
0x00000001238d8000 	/System/Library/Frameworks/JavaVM.framework/Versions/A/JavaVM
0x0000000000c75000 	/System/Library/Frameworks/Carbon.framework/Versions/A/Carbon
0x00000001238e5000 	/System/Library/PrivateFrameworks/JavaLaunching.framework/Versions/A/JavaLaunching
0x0000000000c75000 	/System/Library/Frameworks/Carbon.framework/Versions/A/Frameworks/CommonPanels.framework/Versions/A/CommonPanels
0x0000000000c75000 	/System/Library/Frameworks/Carbon.framework/Versions/A/Frameworks/Help.framework/Versions/A/Help
0x0000000000c75000 	/System/Library/Frameworks/Carbon.framework/Versions/A/Frameworks/ImageCapture.framework/Versions/A/ImageCapture
0x0000000000c75000 	/System/Library/Frameworks/Carbon.framework/Versions/A/Frameworks/OpenScripting.framework/Versions/A/OpenScripting
0x0000000000c75000 	/System/Library/Frameworks/Carbon.framework/Versions/A/Frameworks/Print.framework/Versions/A/Print
0x0000000000c75000 	/System/Library/Frameworks/Carbon.framework/Versions/A/Frameworks/SecurityHI.framework/Versions/A/SecurityHI
0x0000000125299000 	/Library/Java/JavaVirtualMachines/jdk1.8.0_66.jdk/Contents/Home/jre/lib/libprism_es2.dylib
0x0000000125311000 	/System/Library/Frameworks/OpenGL.framework/Resources/GLEngine.bundle/GLEngine
0x0000000000c75000 	/System/Library/Frameworks/OpenGL.framework/Versions/A/Libraries/libGLProgrammability.dylib
0x00000001254f9000 	/System/Library/Extensions/AppleIntelBDWGraphicsGLDriver.bundle/Contents/MacOS/AppleIntelBDWGraphicsGLDriver
0x0000000000c75000 	/System/Library/PrivateFrameworks/GPUSupport.framework/Versions/A/Libraries/libGPUSupportMercury.dylib
0x0000000125c43000 	/System/Library/Frameworks/OpenGL.framework/Resources//GLRendererFloat.bundle/GLRendererFloat
0x0000000000c75000 	/System/Library/Frameworks/OpenCL.framework/Versions/A/Libraries/libcldcpuengine.dylib
0x0000000000c75000 	/System/Library/PrivateFrameworks/DiskImages.framework/Versions/A/DiskImages
0x0000000000c75000 	/System/Library/Frameworks/DiscRecording.framework/Versions/A/DiscRecording
0x0000000000c75000 	/usr/lib/libcsfde.dylib
0x0000000000c75000 	/usr/lib/libcurl.4.dylib
0x0000000000c75000 	/System/Library/PrivateFrameworks/MediaKit.framework/Versions/A/MediaKit
0x0000000000c75000 	/System/Library/PrivateFrameworks/ProtectedCloudStorage.framework/Versions/A/ProtectedCloudStorage
0x0000000000c75000 	/usr/lib/libCoreStorage.dylib
0x0000000000c75000 	/System/Library/PrivateFrameworks/EFILogin.framework/Versions/A/EFILogin
0x0000000000c75000 	/usr/lib/libutil.dylib
0x0000000000c75000 	/System/Library/PrivateFrameworks/FindMyDevice.framework/Versions/A/FindMyDevice
0x0000000000c75000 	/System/Library/Frameworks/LDAP.framework/Versions/A/LDAP
0x0000000000c75000 	/usr/lib/libsasl2.2.dylib
0x0000000000c75000 	/System/Library/PrivateFrameworks/CoreDaemon.framework/Versions/B/CoreDaemon
0x0000000000c75000 	/usr/lib/libcrypto.0.9.8.dylib
0x0000000000c75000 	/System/Library/PrivateFrameworks/AppleSRP.framework/Versions/A/AppleSRP
0x0000000000c75000 	/System/Library/PrivateFrameworks/TrustEvaluationAgent.framework/Versions/A/TrustEvaluationAgent
0x0000000126065000 	/Library/Java/JavaVirtualMachines/jdk1.8.0_66.jdk/Contents/Home/jre/lib/libglass.dylib
0x0000000000c75000 	/System/Library/PrivateFrameworks/CoreServicesInternal.framework/Versions/A/CoreServicesInternal
0x0000000000c75000 	/System/Library/CoreServices/RawCamera.bundle/Contents/MacOS/RawCamera
0x0000000000c75000 	/System/Library/Frameworks/CoreGraphics.framework/Versions/A/Resources/libRIP.A.dylib
0x0000000126a60000 	/System/Library/Frameworks/Accelerate.framework/Frameworks/vImage.framework/Versions/A/Libraries/libCGInterfaces.dylib
0x0000000000c75000 	/System/Library/PrivateFrameworks/FamilyControls.framework/Versions/A/FamilyControls
0x0000000000c75000 	/System/Library/PrivateFrameworks/CommerceKit.framework/Versions/A/Frameworks/CommerceCore.framework/Versions/A/CommerceCore
0x0000000000c75000 	/System/Library/PrivateFrameworks/SystemAdministration.framework/Versions/A/SystemAdministration
0x0000000000c75000 	/System/Library/PrivateFrameworks/AppContainer.framework/Versions/A/AppContainer
0x0000000000c75000 	/System/Library/PrivateFrameworks/SecCodeWrapper.framework/Versions/A/SecCodeWrapper
0x0000000000c75000 	/System/Library/Frameworks/DirectoryService.framework/Versions/A/DirectoryService
0x0000000000c75000 	/System/Library/PrivateFrameworks/LoginUIKit.framework/Versions/A/Frameworks/LoginUICore.framework/Versions/A/LoginUICore
0x0000000000c75000 	/usr/lib/libodfde.dylib
0x0000000128f48000 	/Library/Java/JavaVirtualMachines/jdk1.8.0_66.jdk/Contents/Home/jre/lib/libjavafx_font.dylib
0x0000000000c75000 	/System/Library/Frameworks/CoreGraphics.framework/Versions/A/Resources/libCGXType.A.dylib
0x000000012933f000 	/Library/Java/Extensions/librxtxSerial.jnilib
0x0000000128d32000 	cl_kernels
0x0000000000c75000 	/System/Library/Frameworks/OpenCL.framework/Versions/A/Libraries/ImageFormats/unorm8_bgra.dylib
0x0000000000c75000 	/System/Library/Frameworks/OpenCL.framework/Versions/A/Libraries/ImageFormats/unorm8_rgba.dylib
0x000000012b913000 	/Library/Java/JavaVirtualMachines/jdk1.8.0_66.jdk/Contents/Home/jre/lib/libprism_common.dylib
0x000000012be9a000 	/System/Library/Extensions/AppleIntelBDWGraphicsMTLDriver.bundle/Contents/MacOS/AppleIntelBDWGraphicsMTLDriver

VM Arguments:
jvm_args: -Dfile.encoding=UTF-8 
java_command: /Users/Markcuz/NetBeansProjects/Buzzers/dist/run1672168051/Buzzers.jar
java_class_path (initial): /Users/Markcuz/NetBeansProjects/Buzzers/dist/run1672168051/Buzzers.jar
Launcher Type: SUN_STANDARD

Environment Variables:
PATH=/usr/bin:/bin:/usr/sbin:/sbin
LD_LIBRARY_PATH=/Library/Java/JavaVirtualMachines/jdk1.8.0_66.jdk/Contents/Home/jre/lib/amd64:/Library/Java/JavaVirtualMachines/jdk1.8.0_66.jdk/Contents/Home/jre/lib/i386:
SHELL=/bin/bash

Signal Handlers:
SIGSEGV: [libjvm.dylib+0x5a65d5], sa_mask[0]=11111111011111110111111111111111, sa_flags=SA_ONSTACK|SA_RESTART|SA_SIGINFO
SIGBUS: [libjvm.dylib+0x5a65d5], sa_mask[0]=11111111011111110111111111111111, sa_flags=SA_RESTART|SA_SIGINFO
SIGFPE: [libjvm.dylib+0x4802e8], sa_mask[0]=11111111011111110111111111111111, sa_flags=SA_RESTART|SA_SIGINFO
SIGPIPE: [libjvm.dylib+0x4802e8], sa_mask[0]=11111111011111110111111111111111, sa_flags=SA_RESTART|SA_SIGINFO
SIGXFSZ: [libjvm.dylib+0x4802e8], sa_mask[0]=11111111011111110111111111111111, sa_flags=SA_RESTART|SA_SIGINFO
SIGILL: [libjvm.dylib+0x4802e8], sa_mask[0]=11111111011111110111111111111111, sa_flags=SA_RESTART|SA_SIGINFO
SIGUSR1: SIG_DFL, sa_mask[0]=00000000000000000000000000000000, sa_flags=none
SIGUSR2: [libjvm.dylib+0x47fe06], sa_mask[0]=00100000000000000000000000000000, sa_flags=SA_RESTART|SA_SIGINFO
SIGHUP: [libjvm.dylib+0x47e3dd], sa_mask[0]=11111111011111110111111111111111, sa_flags=SA_RESTART|SA_SIGINFO
SIGINT: SIG_IGN, sa_mask[0]=00000000000000000000000000000000, sa_flags=none
SIGTERM: [libjvm.dylib+0x47e3dd], sa_mask[0]=11111111011111110111111111111111, sa_flags=SA_RESTART|SA_SIGINFO
SIGQUIT: [libjvm.dylib+0x47e3dd], sa_mask[0]=11111111011111110111111111111111, sa_flags=SA_RESTART|SA_SIGINFO


---------------  S Y S T E M  ---------------

OS:Bsduname:Darwin 15.5.0 Darwin Kernel Version 15.5.0: Tue Apr 19 18:36:36 PDT 2016; root:xnu-3248.50.21~8/RELEASE_X86_64 x86_64
rlimit: STACK 8192k, CORE 0k, NPROC 709, NOFILE 10240, AS infinity
load average:1.85 1.60 1.73

CPU:total 4 (2 cores per cpu, 2 threads per core) family 6 model 61 stepping 4, cmov, cx8, fxsr, mmx, sse, sse2, sse3, ssse3, sse4.1, sse4.2, popcnt, avx, avx2, aes, clmul, erms, 3dnowpref, lzcnt, ht, tsc, tscinvbit, bmi1, bmi2, adx

Memory: 4k page, physical 4194304k(21668k free)

/proc/meminfo:


vm_info: Java HotSpot(TM) 64-Bit Server VM (25.66-b17) for bsd-amd64 JRE (1.8.0_66-b17), built on Oct  6 2015 16:09:13 by "java_re" with gcc 4.2.1 (Based on Apple Inc. build 5658) (LLVM build 2336.11.00)

time: Sat May 28 01:13:46 2016
elapsed time: 11 seconds (0d 0h 0m 11s)

